<?xml version="1.0" encoding="UTF-8"?>
<!-- Generated by org.testng.reporters.JUnitReportReporter -->
<testsuite hostname="DESKTOP-870U0SR" failures="0" tests="1" name="com.test.acadally.TC_QuickChapterAssign" time="13.322" errors="0" timestamp="2024-06-04T15:08:10 IST" skipped="0">
  <testcase classname="com.test.acadally.TC_QuickChapterAssign" name="AssignChapter" time="13.322"/>
</testsuite> <!-- com.test.acadally.TC_QuickChapterAssign -->
