<?xml version="1.0" encoding="UTF-8"?>
<!-- Generated by org.testng.reporters.JUnitReportReporter -->
<testsuite hostname="DESKTOP-870U0SR" failures="0" tests="1" name="com.test.acadally.TC_Login001" time="5.222" errors="0" timestamp="2024-06-04T12:15:25 IST" skipped="0">
  <testcase classname="com.test.acadally.TC_Login001" name="Login_Test" time="5.222"/>
</testsuite> <!-- com.test.acadally.TC_Login001 -->
